{"level":"info","message":"Face detected - image url = https://i0.wp.com/post.medicalnewstoday.com/wp-content/uploads/sites/3/2020/03/GettyImages-1092658864_hero-1024x575.jpg"}
{"level":"info","message":"Face detected - image url = https://i0.wp.com/post.medicalnewstoday.com/wp-content/uploads/sites/3/2020/03/GettyImages-1092658864_hero-1024x575.jpg"}
{"level":"info","message":"Face detected - image url = https://i0.wp.com/post.medicalnewstoday.com/wp-content/uploads/sites/3/2020/03/GettyImages-1092658864_hero-1024x575.jpg"}
{"level":"info","message":"Face detected - image url = https://i0.wp.com/post.medicalnewstoday.com/wp-content/uploads/sites/3/2020/03/GettyImages-1092658864_hero-1024x575.jpg"}
{"level":"info","message":"User id 3 entries successfully - 5"}
{"level":"info","message":"User id 3 entries successfully - 5"}
{"level":"info","message":"User id 3 entries successfully - 5"}
{"level":"info","message":"User id 3 entries successfully - 5"}
{"level":"info","message":"Face detected - image url = https://i0.wp.com/post.medicalnewstoday.com/wp-content/uploads/sites/3/2020/03/GettyImages-1092658864_hero-1024x575.jpg"}
{"level":"info","message":"Face detected - image url = https://i0.wp.com/post.medicalnewstoday.com/wp-content/uploads/sites/3/2020/03/GettyImages-1092658864_hero-1024x575.jpg"}
{"level":"info","message":"Face detected - image url = https://i0.wp.com/post.medicalnewstoday.com/wp-content/uploads/sites/3/2020/03/GettyImages-1092658864_hero-1024x575.jpg"}
{"level":"info","message":"Face detected - image url = https://i0.wp.com/post.medicalnewstoday.com/wp-content/uploads/sites/3/2020/03/GettyImages-1092658864_hero-1024x575.jpg"}
{"level":"info","message":"User id 3 entries successfully - 6"}
{"level":"info","message":"User id 3 entries successfully - 6"}
{"level":"info","message":"User id 3 entries successfully - 6"}
{"level":"info","message":"User id 3 entries successfully - 6"}
{"level":"info","message":"Face detected - image url = https://st.depositphotos.com/2931363/3703/i/950/depositphotos_37034497-stock-photo-young-black-man-smiling-at.jpg"}
{"level":"info","message":"Face detected - image url = https://st.depositphotos.com/2931363/3703/i/950/depositphotos_37034497-stock-photo-young-black-man-smiling-at.jpg"}
{"level":"info","message":"Face detected - image url = https://st.depositphotos.com/2931363/3703/i/950/depositphotos_37034497-stock-photo-young-black-man-smiling-at.jpg"}
{"level":"info","message":"Face detected - image url = https://st.depositphotos.com/2931363/3703/i/950/depositphotos_37034497-stock-photo-young-black-man-smiling-at.jpg"}
{"level":"info","message":"User id 3 entries successfully - 7"}
{"level":"info","message":"User id 3 entries successfully - 7"}
{"level":"info","message":"User id 3 entries successfully - 7"}
{"level":"info","message":"User id 3 entries successfully - 7"}
{"level":"info","message":"Face detected - image url = https://st.depositphotos.com/2931363/3703/i/950/depositphotos_37034497-stock-photo-young-black-man-smiling-at.jpg"}
{"level":"info","message":"Face detected - image url = https://st.depositphotos.com/2931363/3703/i/950/depositphotos_37034497-stock-photo-young-black-man-smiling-at.jpg"}
{"level":"info","message":"Face detected - image url = https://st.depositphotos.com/2931363/3703/i/950/depositphotos_37034497-stock-photo-young-black-man-smiling-at.jpg"}
{"level":"info","message":"Face detected - image url = https://st.depositphotos.com/2931363/3703/i/950/depositphotos_37034497-stock-photo-young-black-man-smiling-at.jpg"}
{"level":"info","message":"User id 3 entries successfully - 8"}
{"level":"info","message":"User id 3 entries successfully - 8"}
{"level":"info","message":"User id 3 entries successfully - 8"}
{"level":"info","message":"User id 3 entries successfully - 8"}
{"level":"info","message":"Face detected - image url = https://st.depositphotos.com/2931363/3703/i/950/depositphotos_37034497-stock-photo-young-black-man-smiling-at.jpg"}
{"level":"info","message":"Face detected - image url = https://st.depositphotos.com/2931363/3703/i/950/depositphotos_37034497-stock-photo-young-black-man-smiling-at.jpg"}
{"level":"info","message":"Face detected - image url = https://st.depositphotos.com/2931363/3703/i/950/depositphotos_37034497-stock-photo-young-black-man-smiling-at.jpg"}
{"level":"info","message":"Face detected - image url = https://st.depositphotos.com/2931363/3703/i/950/depositphotos_37034497-stock-photo-young-black-man-smiling-at.jpg"}
{"level":"info","message":"User id 3 entries successfully - 9"}
{"level":"info","message":"User id 3 entries successfully - 9"}
{"level":"info","message":"User id 3 entries successfully - 9"}
{"level":"info","message":"User id 3 entries successfully - 9"}
{"level":"info","message":"Face detected - image url = https://st.depositphotos.com/2931363/3703/i/950/depositphotos_37034497-stock-photo-young-black-man-smiling-at.jpg"}
{"level":"info","message":"Face detected - image url = https://st.depositphotos.com/2931363/3703/i/950/depositphotos_37034497-stock-photo-young-black-man-smiling-at.jpg"}
{"level":"info","message":"Face detected - image url = https://st.depositphotos.com/2931363/3703/i/950/depositphotos_37034497-stock-photo-young-black-man-smiling-at.jpg"}
{"level":"info","message":"Face detected - image url = https://st.depositphotos.com/2931363/3703/i/950/depositphotos_37034497-stock-photo-young-black-man-smiling-at.jpg"}
{"level":"info","message":"User id 3 entries successfully - 10"}
{"level":"info","message":"User id 3 entries successfully - 10"}
{"level":"info","message":"User id 3 entries successfully - 10"}
{"level":"info","message":"User id 3 entries successfully - 10"}
{"level":"info","message":"Face detected - image url = https://st.depositphotos.com/2931363/3703/i/950/depositphotos_37034497-stock-photo-young-black-man-smiling-at.jpg"}
{"level":"info","message":"Face detected - image url = https://st.depositphotos.com/2931363/3703/i/950/depositphotos_37034497-stock-photo-young-black-man-smiling-at.jpg"}
{"level":"info","message":"Face detected - image url = https://st.depositphotos.com/2931363/3703/i/950/depositphotos_37034497-stock-photo-young-black-man-smiling-at.jpg"}
{"level":"info","message":"Face detected - image url = https://st.depositphotos.com/2931363/3703/i/950/depositphotos_37034497-stock-photo-young-black-man-smiling-at.jpg"}
{"level":"info","message":"User id 3 entries successfully - 11"}
{"level":"info","message":"User id 3 entries successfully - 11"}
{"level":"info","message":"User id 3 entries successfully - 11"}
{"level":"info","message":"User id 3 entries successfully - 11"}
{"level":"info","message":"Face detected - image url = https://st.depositphotos.com/2931363/3703/i/950/depositphotos_37034497-stock-photo-young-black-man-smiling-at.jpg"}
{"level":"info","message":"Face detected - image url = https://st.depositphotos.com/2931363/3703/i/950/depositphotos_37034497-stock-photo-young-black-man-smiling-at.jpg"}
{"level":"info","message":"Face detected - image url = https://st.depositphotos.com/2931363/3703/i/950/depositphotos_37034497-stock-photo-young-black-man-smiling-at.jpg"}
{"level":"info","message":"Face detected - image url = https://st.depositphotos.com/2931363/3703/i/950/depositphotos_37034497-stock-photo-young-black-man-smiling-at.jpg"}
{"level":"info","message":"User id 3 entries successfully - 12"}
{"level":"info","message":"User id 3 entries successfully - 12"}
{"level":"info","message":"User id 3 entries successfully - 12"}
{"level":"info","message":"User id 3 entries successfully - 12"}
{"level":"info","message":"Face detected - image url = https://st.depositphotos.com/2931363/3703/i/950/depositphotos_37034497-stock-photo-young-black-man-smiling-at.jpg"}
{"level":"info","message":"Face detected - image url = https://st.depositphotos.com/2931363/3703/i/950/depositphotos_37034497-stock-photo-young-black-man-smiling-at.jpg"}
{"level":"info","message":"Face detected - image url = https://st.depositphotos.com/2931363/3703/i/950/depositphotos_37034497-stock-photo-young-black-man-smiling-at.jpg"}
{"level":"info","message":"Face detected - image url = https://st.depositphotos.com/2931363/3703/i/950/depositphotos_37034497-stock-photo-young-black-man-smiling-at.jpg"}
{"level":"info","message":"User id 3 entries successfully - 13"}
{"level":"info","message":"User id 3 entries successfully - 13"}
{"level":"info","message":"User id 3 entries successfully - 13"}
{"level":"info","message":"User id 3 entries successfully - 13"}
{"level":"info","message":"Face detected - image url = https://i0.wp.com/post.medicalnewstoday.com/wp-content/uploads/sites/3/2020/03/GettyImages-1092658864_hero-1024x575.jpg?w=1155&h=1528"}
{"level":"info","message":"Face detected - image url = https://www.facebeautyscience.com/wp-content/uploads/2020/04/face-beauty-skin-face2-proc.jpg"}
{"level":"info","message":"User id 3 entries successfully - 16"}
